Flutter crash report.
Please report a bug at https://github.com/flutter/flutter/issues.

## command

flutter pub upgrade

## exception

ProcessException: ProcessException: The process cannot access the file because it is being used by another process.

  Command: "C:\Program Files\Git\cmd\git.EXE" tag --points-at HEAD

```
#0      _ProcessImpl._runAndWait (dart:io-patch/process_patch.dart:473:7)
#1      _runNonInteractiveProcessSync (dart:io-patch/process_patch.dart:616:18)
#2      Process.runSync (dart:io-patch/process_patch.dart:66:12)
#3      LocalProcessManager.runSync (package:process/src/interface/local_process_manager.dart:91:20)
#4      ErrorHandlingProcessManager.runSync.<anonymous closure> (package:flutter_tools/src/base/error_handling_io.dart:481:37)
#5      _runSync (package:flutter_tools/src/base/error_handling_io.dart:380:14)
#6      ErrorHandlingProcessManager.runSync (package:flutter_tools/src/base/error_handling_io.dart:481:12)
#7      _DefaultProcessUtils.runSync (package:flutter_tools/src/base/process.dart:425:51)
#8      _runGit (package:flutter_tools/src/version.dart:672:23)
#9      GitTagVersion.determine (package:flutter_tools/src/version.dart:762:31)
#10     new FlutterVersion (package:flutter_tools/src/version.dart:59:36)
#11     runInContext.<anonymous closure> (package:flutter_tools/src/context_runner.dart:163:29)
#12     AppContext._generateIfNecessary.<anonymous closure> (package:flutter_tools/src/base/context.dart:104:41)
#13     _LinkedHashMapMixin.putIfAbsent (dart:collection-patch/compact_hash.dart:291:23)
#14     AppContext._generateIfNecessary (package:flutter_tools/src/base/context.dart:92:20)
#15     AppContext.get (package:flutter_tools/src/base/context.dart:121:32)
#16     AppContext.get (package:flutter_tools/src/base/context.dart:119:23)
#17     flutterVersion (package:flutter_tools/src/globals.dart:88:46)
#18     FlutterCommandRunner.runCommand.<anonymous closure> (package:flutter_tools/src/runner/flutter_command_runner.dart:297:25)
<asynchronous suspension>
#19     FlutterCommandRunner.runCommand.<anonymous closure> (package:flutter_tools/src/runner/flutter_command_runner.dart)
#20     AppContext.run.<anonymous closure> (package:flutter_tools/src/base/context.dart:150:29)
#21     _rootRun (dart:async/zone.dart:1190:13)
#22     _CustomZone.run (dart:async/zone.dart:1093:19)
#23     _runZoned (dart:async/zone.dart:1630:10)
#24     runZoned (dart:async/zone.dart:1550:10)
#25     AppContext.run (package:flutter_tools/src/base/context.dart:149:18)
#26     FlutterCommandRunner.runCommand (package:flutter_tools/src/runner/flutter_command_runner.dart:281:19)
<asynchronous suspension>
#27     CommandRunner.run.<anonymous closure> (package:args/command_runner.dart:112:25)
#28     new Future.sync (dart:async/future.dart:223:31)
#29     CommandRunner.run (package:args/command_runner.dart:112:14)
#30     FlutterCommandRunner.run (package:flutter_tools/src/runner/flutter_command_runner.dart:230:18)
#31     run.<anonymous closure>.<anonymous closure> (package:flutter_tools/runner.dart:63:22)
#32     _rootRun (dart:async/zone.dart:1190:13)
#33     _CustomZone.run (dart:async/zone.dart:1093:19)
#34     _runZoned (dart:async/zone.dart:1630:10)
#35     runZonedGuarded (dart:async/zone.dart:1618:12)
#36     runZoned (dart:async/zone.dart:1547:12)
#37     run.<anonymous closure> (package:flutter_tools/runner.dart:61:18)
<asynchronous suspension>
#38     run.<anonymous closure> (package:flutter_tools/runner.dart)
#39     runInContext.runnerWrapper (package:flutter_tools/src/context_runner.dart:67:18)
<asynchronous suspension>
#40     runInContext.runnerWrapper (package:flutter_tools/src/context_runner.dart)
#41     AppContext.run.<anonymous closure> (package:flutter_tools/src/base/context.dart:150:29)
#42     _rootRun (dart:async/zone.dart:1190:13)
#43     _CustomZone.run (dart:async/zone.dart:1093:19)
#44     _runZoned (dart:async/zone.dart:1630:10)
#45     runZoned (dart:async/zone.dart:1550:10)
#46     AppContext.run (package:flutter_tools/src/base/context.dart:149:18)
#47     runInContext (package:flutter_tools/src/context_runner.dart:70:24)
#48     run (package:flutter_tools/runner.dart:46:10)
#49     main (package:flutter_tools/executable.dart:77:9)
#50     main (file:///C:/Users/hp/Documents/flutter_windows_1.22.6-stable/flutter/packages/flutter_tools/bin/flutter_tools.dart:8:3)
#51     _startIsolate.<anonymous closure> (dart:isolate-patch/isolate_patch.dart:299:32)
#52     _RawReceivePortImpl._handleMessage (dart:isolate-patch/isolate_patch.dart:168:12)
```

## flutter doctor

```
[✓] Flutter (Channel stable, 1.22.6, on Microsoft Windows [Version 10.0.19042.804], locale en-KE)
    • Flutter version 1.22.6 at C:\Users\hp\Documents\flutter_windows_1.22.6-stable\flutter
    • Framework revision 9b2d32b605 (8 weeks ago), 2021-01-22 14:36:39 -0800
    • Engine revision 2f0af37152
    • Dart version 2.10.5

[!] Android toolchain - develop for Android devices (Android SDK version 30.0.3)
    • Android SDK at C:\Users\hp\AppData\Local\Android\sdk
    • Platform android-30, build-tools 30.0.3
    • Java binary at: C:\Program Files\Android\Android Studio1\jre\bin\java
    • Java version OpenJDK Runtime Environment (build 1.8.0_242-release-1644-b01)
    ! Some Android licenses not accepted.  To resolve this, run: flutter doctor --android-licenses

[!] Android Studio (version 4.1.0)
    • Android Studio at C:\Program Files\Android\Android Studio1
    ✗ Flutter plugin not installed; this adds Flutter specific functionality.
    ✗ Dart plugin not installed; this adds Dart specific functionality.
    • Java version OpenJDK Runtime Environment (build 1.8.0_242-release-1644-b01)

[✓] VS Code (version 1.54.3)
    • VS Code at C:\Users\hp\AppData\Local\Programs\Microsoft VS Code
    • Flutter extension version 3.20.0

[!] Connected device
    ! No devices available

! Doctor found issues in 3 categories.
```
